     Ve        1.4595        0.1257
     Ve        1.4386        0.1235
 
   cove       -0.1518        0.0881
 
     Vk        0.9746        0.1652
     Vk        0.7425        0.1369
    cov       -0.2857        0.1193
 
     Vk        1.0781        0.1615
     Vk        1.3812        0.2268
    cov       -0.6247        0.1345
 
    CVk        0.2030        0.1156
    CVk       -0.2324        0.1993
    CVk        0.2917        0.2152
    CVk       -0.0771        0.1251
 
    LKH    -3672.3798
 
 
    0.15806283E-01
    0.51925361E-04    0.15244490E-01
    0.68754588E-03    0.64409852E-03    0.77556982E-02
   -0.15644621E-01   -0.97382677E-04   -0.13853506E-02    0.27286510E-01
   -0.12345933E-02   -0.98841193E-05    0.68075615E-04   -0.26926217E-02    0.18742035E-01
    0.70295754E-03   -0.99140106E-05    0.51936261E-04   -0.80149743E-02    0.15275184E-02    0.14244366E-01
   -0.10071307E-03   -0.14113719E-01   -0.99520288E-03    0.18821411E-03   -0.69198354E-05   -0.72156086E-05    0.26073032E-01
   -0.43012763E-04   -0.31016789E-02   -0.40962311E-04    0.97753686E-04    0.13717856E-03   -0.82547448E-04   -0.21711294E-02    0.51421955E-01
    0.11701638E-05   -0.22731695E-03   -0.60975066E-03    0.16459839E-04    0.65939917E-05    0.17752829E-04   -0.86090620E-02   -0.57886734E-02    0.18087071E-01
   -0.10249279E-02   -0.13425614E-02   -0.74500290E-02    0.20667339E-02   -0.34048653E-05   -0.35475911E-03    0.21020769E-02   -0.15579575E-03    0.65048266E-03    0.13358293E-01
    0.64477330E-03    0.42993764E-03   -0.64167997E-04   -0.19829497E-02   -0.60995417E-03    0.15722375E-02   -0.10055110E-02    0.48531836E-04   -0.69740034E-03   -0.34533045E-02    0.39723985E-01
   -0.20052854E-02   -0.28494380E-03    0.23009375E-03    0.36444688E-02    0.10767956E-02   -0.11070045E-02    0.12158283E-03    0.22724766E-02    0.12370150E-02   -0.47150527E-02   -0.27158509E-01    0.46306292E-01
   -0.12089432E-03    0.75243307E-04   -0.93939876E-03    0.39842257E-04   -0.14747558E-02    0.81350682E-03   -0.27374243E-04   -0.23099094E-02    0.50443906E-03   -0.13805889E-02    0.25422696E-03   -0.13772155E-02    0.15641532E-01
